{
  "stats": {
    "suites": 1,
    "tests": 1,
    "passes": 1,
    "pending": 0,
    "failures": 0,
    "start": "2021-03-30T14:32:24.432Z",
    "end": "2021-03-30T14:32:37.200Z",
    "duration": 12768,
    "testsRegistered": 1,
    "passPercent": 100,
    "pendingPercent": 0,
    "other": 0,
    "hasOther": false,
    "skipped": 0,
    "hasSkipped": false
  },
  "results": [
    {
      "uuid": "809fafe5-0373-4b38-a688-7437c8bd8416",
      "title": "",
      "fullFile": "cypress/integration/tests/ajarLogin.js",
      "file": "cypress/integration/tests/ajarLogin.js",
      "beforeHooks": [],
      "afterHooks": [],
      "tests": [],
      "suites": [
        {
          "uuid": "45f72630-07ae-4c98-9276-42fe48e76f86",
          "title": "Ajar Login",
          "fullFile": "",
          "file": "",
          "beforeHooks": [],
          "afterHooks": [],
          "tests": [
            {
              "title": "Login Test",
              "fullTitle": "Ajar Login Login Test",
              "timedOut": null,
              "duration": 10345,
              "state": "passed",
              "speed": "slow",
              "pass": true,
              "fail": false,
              "pending": false,
              "context": null,
              "code": "login.visit();\nlogin.fillUsername(testData.username);\nlogin.fillPassword(testData.password);\nlogin.clickLogin();\ncy.screenshot();",
              "err": {},
              "uuid": "8736127d-ad1e-433e-86a7-cc6838d88190",
              "parentUUID": "45f72630-07ae-4c98-9276-42fe48e76f86",
              "isHook": false,
              "skipped": false
            }
          ],
          "suites": [],
          "passes": [
            "8736127d-ad1e-433e-86a7-cc6838d88190"
          ],
          "failures": [],
          "pending": [],
          "skipped": [],
          "duration": 10345,
          "root": false,
          "rootEmpty": false,
          "_timeout": 2000
        }
      ],
      "passes": [],
      "failures": [],
      "pending": [],
      "skipped": [],
      "duration": 0,
      "root": true,
      "rootEmpty": true,
      "_timeout": 2000
    }
  ],
  "meta": {
    "mocha": {
      "version": "7.0.1"
    },
    "mochawesome": {
      "options": {
        "quiet": false,
        "reportFilename": "mochawesome",
        "saveHtml": true,
        "saveJson": true,
        "consoleReporter": "spec",
        "useInlineDiffs": false,
        "code": true
      },
      "version": "6.2.2"
    },
    "marge": {
      "options": {
        "reportDir": "cypress/reports/mochareports",
        "overwrite": false,
        "html": true,
        "json": true,
        "charts": true,
        "timestamp": "mmddyyyy_HHMMss"
      },
      "version": "5.2.0"
    }
  }
}