{
  "stats": {
    "suites": 1,
    "tests": 1,
    "passes": 1,
    "pending": 0,
    "failures": 0,
    "start": "2021-03-30T14:33:55.423Z",
    "end": "2021-03-30T14:33:58.984Z",
    "duration": 3561,
    "testsRegistered": 1,
    "passPercent": 100,
    "pendingPercent": 0,
    "other": 0,
    "hasOther": false,
    "skipped": 0,
    "hasSkipped": false
  },
  "results": [
    {
      "uuid": "a03d8476-f88f-46df-8649-318b3b9fc955",
      "title": "",
      "fullFile": "cypress/integration/tests/viewport_test.js",
      "file": "cypress/integration/tests/viewport_test.js",
      "beforeHooks": [],
      "afterHooks": [],
      "tests": [],
      "suites": [
        {
          "uuid": "744476c6-2bca-4885-b750-82bc044c9766",
          "title": "test diff view ports",
          "fullFile": "",
          "file": "",
          "beforeHooks": [],
          "afterHooks": [],
          "tests": [
            {
              "title": "open in iphone-7",
              "fullTitle": "test diff view ports open in iphone-7",
              "timedOut": null,
              "duration": 2386,
              "state": "passed",
              "speed": "slow",
              "pass": true,
              "fail": false,
              "pending": false,
              "context": null,
              "code": "cy.viewport('iphone-7');\ncy.screenshot();",
              "err": {},
              "uuid": "d2c51e04-2a96-4bd9-8731-e7668bc8bb25",
              "parentUUID": "744476c6-2bca-4885-b750-82bc044c9766",
              "isHook": false,
              "skipped": false
            }
          ],
          "suites": [],
          "passes": [
            "d2c51e04-2a96-4bd9-8731-e7668bc8bb25"
          ],
          "failures": [],
          "pending": [],
          "skipped": [],
          "duration": 2386,
          "root": false,
          "rootEmpty": false,
          "_timeout": 2000
        }
      ],
      "passes": [],
      "failures": [],
      "pending": [],
      "skipped": [],
      "duration": 0,
      "root": true,
      "rootEmpty": true,
      "_timeout": 2000
    }
  ],
  "meta": {
    "mocha": {
      "version": "7.0.1"
    },
    "mochawesome": {
      "options": {
        "quiet": false,
        "reportFilename": "mochawesome",
        "saveHtml": true,
        "saveJson": true,
        "consoleReporter": "spec",
        "useInlineDiffs": false,
        "code": true
      },
      "version": "6.2.2"
    },
    "marge": {
      "options": {
        "reportDir": "cypress/reports/mochareports",
        "overwrite": false,
        "html": true,
        "json": true,
        "charts": true,
        "timestamp": "mmddyyyy_HHMMss"
      },
      "version": "5.2.0"
    }
  }
}