{
  "stats": {
    "suites": 1,
    "tests": 1,
    "passes": 1,
    "pending": 0,
    "failures": 0,
    "start": "2021-03-21T11:33:58.823Z",
    "end": "2021-03-21T11:34:01.503Z",
    "duration": 2680,
    "testsRegistered": 1,
    "passPercent": 100,
    "pendingPercent": 0,
    "other": 0,
    "hasOther": false,
    "skipped": 0,
    "hasSkipped": false
  },
  "results": [
    {
      "uuid": "c97f87e9-e78e-4faf-9a8e-7f8896d0a695",
      "title": "",
      "fullFile": "cypress/integration/tests/viewport_test.js",
      "file": "cypress/integration/tests/viewport_test.js",
      "beforeHooks": [],
      "afterHooks": [],
      "tests": [],
      "suites": [
        {
          "uuid": "e912da39-3274-4330-b0cd-1f5ec947a7a3",
          "title": "test diff view ports",
          "fullFile": "",
          "file": "",
          "beforeHooks": [],
          "afterHooks": [],
          "tests": [
            {
              "title": "open in iphone-7",
              "fullTitle": "test diff view ports open in iphone-7",
              "timedOut": null,
              "duration": 1663,
              "state": "passed",
              "speed": "slow",
              "pass": true,
              "fail": false,
              "pending": false,
              "context": null,
              "code": "cy.viewport('iphone-7');\ncy.screenshot();",
              "err": {},
              "uuid": "05655b4a-1033-41c8-bf52-b5e524c3a76d",
              "parentUUID": "e912da39-3274-4330-b0cd-1f5ec947a7a3",
              "isHook": false,
              "skipped": false
            }
          ],
          "suites": [],
          "passes": [
            "05655b4a-1033-41c8-bf52-b5e524c3a76d"
          ],
          "failures": [],
          "pending": [],
          "skipped": [],
          "duration": 1663,
          "root": false,
          "rootEmpty": false,
          "_timeout": 2000
        }
      ],
      "passes": [],
      "failures": [],
      "pending": [],
      "skipped": [],
      "duration": 0,
      "root": true,
      "rootEmpty": true,
      "_timeout": 2000
    }
  ],
  "meta": {
    "mocha": {
      "version": "7.0.1"
    },
    "mochawesome": {
      "options": {
        "quiet": false,
        "reportFilename": "mochawesome",
        "saveHtml": true,
        "saveJson": true,
        "consoleReporter": "spec",
        "useInlineDiffs": false,
        "code": true
      },
      "version": "6.2.2"
    },
    "marge": {
      "options": {
        "reportDir": "cypress/reports/mochareports",
        "overwrite": false,
        "html": true,
        "json": true,
        "charts": true,
        "timestamp": "mmddyyyy_HHMMss"
      },
      "version": "5.2.0"
    }
  }
}