{
  "stats": {
    "suites": 1,
    "tests": 1,
    "passes": 0,
    "pending": 0,
    "failures": 1,
    "start": "2021-03-16T05:38:37.986Z",
    "end": "2021-03-16T05:38:59.919Z",
    "duration": 21933,
    "testsRegistered": 1,
    "passPercent": 0,
    "pendingPercent": 0,
    "other": 0,
    "hasOther": false,
    "skipped": 0,
    "hasSkipped": false
  },
  "results": [
    {
      "uuid": "e307a5f0-9894-417f-8a0f-4f3088d8e295",
      "title": "",
      "fullFile": "cypress/integration/tests/logintest.js",
      "file": "cypress/integration/tests/logintest.js",
      "beforeHooks": [],
      "afterHooks": [],
      "tests": [],
      "suites": [
        {
          "uuid": "c1f485f1-2371-410a-beb0-883e89084dba",
          "title": "free crm app",
          "fullFile": "",
          "file": "",
          "beforeHooks": [],
          "afterHooks": [],
          "tests": [
            {
              "title": "login test",
              "fullTitle": "free crm app login test",
              "timedOut": null,
              "duration": 19190,
              "state": "failed",
              "speed": null,
              "pass": false,
              "fail": true,
              "pending": false,
              "context": "\"cypress/reports/mochareports/assets/tests/logintest.js/free crm app -- login test (failed).png\"",
              "code": "cy.visit('https://classic.crmpro.com/');\ncy.title().should('eq', 'CRMPRO - CRM software for customer relationship management, sales, and support.');\ncy.get('input[name=\"username\"]').type('batchautomation');\ncy.get('input[name=\"password\"]').type('Test@12345');\ncy.get('input[type=\"submit\"]').click();\ncy.title().should('eq', 'CRMPRO'); // to fail the assertion purposely\ncy.screenshot(); //  cy.get('Contacts').click()",
              "err": {
                "message": "AssertionError: Timed out retrying after 4000ms: expected 'Free CRM - CRM software for customer relationship management, sales, and support.' to equal 'CRMPRO'",
                "estack": "AssertionError: Timed out retrying after 4000ms: expected 'Free CRM - CRM software for customer relationship management, sales, and support.' to equal 'CRMPRO'\n    at Context.eval (https://classic.crmpro.com/__cypress/tests?p=cypress/integration/tests/logintest.js:106:16)",
                "diff": "- 'Free CRM - CRM software for customer relationship management, sales, and support.'\n+ 'CRMPRO'\n"
              },
              "uuid": "83370b63-36a1-479e-bcd4-ba91e7dd07cb",
              "parentUUID": "c1f485f1-2371-410a-beb0-883e89084dba",
              "isHook": false,
              "skipped": false
            }
          ],
          "suites": [],
          "passes": [],
          "failures": [
            "83370b63-36a1-479e-bcd4-ba91e7dd07cb"
          ],
          "pending": [],
          "skipped": [],
          "duration": 19190,
          "root": false,
          "rootEmpty": false,
          "_timeout": 2000
        }
      ],
      "passes": [],
      "failures": [],
      "pending": [],
      "skipped": [],
      "duration": 0,
      "root": true,
      "rootEmpty": true,
      "_timeout": 2000
    }
  ],
  "meta": {
    "mocha": {
      "version": "7.0.1"
    },
    "mochawesome": {
      "options": {
        "quiet": false,
        "reportFilename": "mochawesome",
        "saveHtml": true,
        "saveJson": true,
        "consoleReporter": "spec",
        "useInlineDiffs": false,
        "code": true
      },
      "version": "6.2.2"
    },
    "marge": {
      "options": {
        "reportDir": "cypress/reports/mochareports",
        "overwrite": false,
        "html": true,
        "json": true,
        "charts": true,
        "timestamp": "mmddyyyy_HHMMss"
      },
      "version": "5.2.0"
    }
  }
}