{
  "stats": {
    "suites": 1,
    "tests": 1,
    "passes": 1,
    "pending": 0,
    "failures": 0,
    "start": "2021-03-16T05:38:08.803Z",
    "end": "2021-03-16T05:38:29.645Z",
    "duration": 20842,
    "testsRegistered": 1,
    "passPercent": 100,
    "pendingPercent": 0,
    "other": 0,
    "hasOther": false,
    "skipped": 0,
    "hasSkipped": false
  },
  "results": [
    {
      "uuid": "e2534a48-6de1-4dc6-acc1-ac8490fb19ad",
      "title": "",
      "fullFile": "cypress/integration/tests/ajarSignUp.js",
      "file": "cypress/integration/tests/ajarSignUp.js",
      "beforeHooks": [],
      "afterHooks": [],
      "tests": [],
      "suites": [
        {
          "uuid": "66e66a30-1b1f-4abe-b6cf-37cfd24bce4f",
          "title": "Ajar signup",
          "fullFile": "",
          "file": "",
          "beforeHooks": [],
          "afterHooks": [],
          "tests": [
            {
              "title": "Login Test",
              "fullTitle": "Ajar signup Login Test",
              "timedOut": null,
              "duration": 19434,
              "state": "passed",
              "speed": "slow",
              "pass": true,
              "fail": false,
              "pending": false,
              "context": null,
              "code": "var sp = new _signUpPage[\"default\"]();\nsp.visit();\ncy.wait(4000);\nsp.clickSignUp();\nsp.clickLandloard();\nsp.clickNext();\nsp.fillSignUpDetails(testData.firstName, testData.lastName, testData.email, testData.passwordSignUp, testData.noOfcountries, testData.noOfProperties, testData.companyName, testData.phoneNumber);\nsp.clickNextButton();\ncy.screenshot();",
              "err": {},
              "uuid": "95d47cb8-5a6b-47d6-9f72-7124cd4c2eb4",
              "parentUUID": "66e66a30-1b1f-4abe-b6cf-37cfd24bce4f",
              "isHook": false,
              "skipped": false
            }
          ],
          "suites": [],
          "passes": [
            "95d47cb8-5a6b-47d6-9f72-7124cd4c2eb4"
          ],
          "failures": [],
          "pending": [],
          "skipped": [],
          "duration": 19434,
          "root": false,
          "rootEmpty": false,
          "_timeout": 2000
        }
      ],
      "passes": [],
      "failures": [],
      "pending": [],
      "skipped": [],
      "duration": 0,
      "root": true,
      "rootEmpty": true,
      "_timeout": 2000
    }
  ],
  "meta": {
    "mocha": {
      "version": "7.0.1"
    },
    "mochawesome": {
      "options": {
        "quiet": false,
        "reportFilename": "mochawesome",
        "saveHtml": true,
        "saveJson": true,
        "consoleReporter": "spec",
        "useInlineDiffs": false,
        "code": true
      },
      "version": "6.2.2"
    },
    "marge": {
      "options": {
        "reportDir": "cypress/reports/mochareports",
        "overwrite": false,
        "html": true,
        "json": true,
        "charts": true,
        "timestamp": "mmddyyyy_HHMMss"
      },
      "version": "5.2.0"
    }
  }
}