{
  "stats": {
    "suites": 1,
    "tests": 1,
    "passes": 1,
    "pending": 0,
    "failures": 0,
    "start": "2021-03-30T14:33:46.238Z",
    "end": "2021-03-30T14:33:50.068Z",
    "duration": 3830,
    "testsRegistered": 1,
    "passPercent": 100,
    "pendingPercent": 0,
    "other": 0,
    "hasOther": false,
    "skipped": 0,
    "hasSkipped": false
  },
  "results": [
    {
      "uuid": "0d1578d5-171c-4922-904d-0361d0d49a91",
      "title": "",
      "fullFile": "cypress/integration/tests/sample.js",
      "file": "cypress/integration/tests/sample.js",
      "beforeHooks": [],
      "afterHooks": [],
      "tests": [],
      "suites": [
        {
          "uuid": "0f639d6f-24a4-4583-9c76-d5677b8e18fa",
          "title": "launch my app",
          "fullFile": "",
          "file": "",
          "beforeHooks": [],
          "afterHooks": [],
          "tests": [
            {
              "title": "app testing",
              "fullTitle": "launch my app app testing",
              "timedOut": null,
              "duration": 2806,
              "state": "passed",
              "speed": "slow",
              "pass": true,
              "fail": false,
              "pending": false,
              "context": null,
              "code": "cy.visit('https://www.freshworks.com/');\ncy.contains('Platform');\ncy.contains('Platform').click(); //cy.url().should('include', '/platform')",
              "err": {},
              "uuid": "0d9dc702-b916-4e11-9e9c-a6b3abb0a76f",
              "parentUUID": "0f639d6f-24a4-4583-9c76-d5677b8e18fa",
              "isHook": false,
              "skipped": false
            }
          ],
          "suites": [],
          "passes": [
            "0d9dc702-b916-4e11-9e9c-a6b3abb0a76f"
          ],
          "failures": [],
          "pending": [],
          "skipped": [],
          "duration": 2806,
          "root": false,
          "rootEmpty": false,
          "_timeout": 2000
        }
      ],
      "passes": [],
      "failures": [],
      "pending": [],
      "skipped": [],
      "duration": 0,
      "root": true,
      "rootEmpty": true,
      "_timeout": 2000
    }
  ],
  "meta": {
    "mocha": {
      "version": "7.0.1"
    },
    "mochawesome": {
      "options": {
        "quiet": false,
        "reportFilename": "mochawesome",
        "saveHtml": true,
        "saveJson": true,
        "consoleReporter": "spec",
        "useInlineDiffs": false,
        "code": true
      },
      "version": "6.2.2"
    },
    "marge": {
      "options": {
        "reportDir": "cypress/reports/mochareports",
        "overwrite": false,
        "html": true,
        "json": true,
        "charts": true,
        "timestamp": "mmddyyyy_HHMMss"
      },
      "version": "5.2.0"
    }
  }
}